~~~~~~~~~~~~~~~~~~~~~~~~~~~~~~~~~~~~~~~~~~~~~~~~~~~~~~~~~~~~~~~~~~~~~~~~~~~~~~~
Tree - random unordered tree
~~~~~~~~~~~~~~~~~~~~~~~~~~~~~~~~~~~~~~~~~~~~~~~~~~~~~~~~~~~~~~~~~~~~~~~~~~~~~~~
height: 3
ordered: false
sumDistances: 19
            __ 1 __              
         __/       \__           
       2               3         
     /   \           /   \       
   4       8       6       7     
  / \                     /      
 5   10                  9       

printLeftRight: 5 4 10 2 8 1 6 3 9 7 
Path: 1 2 4 5
Path: 1 2 4 10
Path: 1 2 8
Path: 1 3 6
Path: 1 3 7 9


~~~~~~~~~~~~~~~~~~~~~~~~~~~~~~~~~~~~~~~~~~~~~~~~~~~~~~~~~~~~~~~~~~~~~~~~~~~~~~~
Mirrored - the mirror image of the above tree
~~~~~~~~~~~~~~~~~~~~~~~~~~~~~~~~~~~~~~~~~~~~~~~~~~~~~~~~~~~~~~~~~~~~~~~~~~~~~~~
height: 3
ordered: false
sumDistances: 19
            __ 1 __              
         __/       \__           
       3               2         
     /   \           /   \       
   7       6       8       4     
    \                     / \    
     9                   10  5   

printLeftRight: 7 9 3 6 1 8 2 10 4 5 
Path: 1 3 7 9
Path: 1 3 6
Path: 1 2 8
Path: 1 2 4 10
Path: 1 2 4 5


~~~~~~~~~~~~~~~~~~~~~~~~~~~~~~~~~~~~~~~~~~~~~~~~~~~~~~~~~~~~~~~~~~~~~~~~~~~~~~~
BST - random ordered tree
~~~~~~~~~~~~~~~~~~~~~~~~~~~~~~~~~~~~~~~~~~~~~~~~~~~~~~~~~~~~~~~~~~~~~~~~~~~~~~~
height: 4
ordered: true
sumDistances: 21
                        ______ 8 ______                          
                 ______/               \______                   
            __ 5 __                            9 __              
         __/       \__                             \__           
       2               7                               10        
     /   \           /                                           
   1       4       6                                             
          /                                                      
         3                                                       

printLeftRight: 1 2 3 4 5 6 7 8 9 10 
Path: 8 5 2 1
Path: 8 5 2 4 3
Path: 8 5 7 6
Path: 8 9 10


~~~~~~~~~~~~~~~~~~~~~~~~~~~~~~~~~~~~~~~~~~~~~~~~~~~~~~~~~~~~~~~~~~~~~~~~~~~~~~~
BST Mirrored - the mirror image of the above BST
~~~~~~~~~~~~~~~~~~~~~~~~~~~~~~~~~~~~~~~~~~~~~~~~~~~~~~~~~~~~~~~~~~~~~~~~~~~~~~~
height: 4
ordered: false
sumDistances: 21
                        ______ 8 ______                          
                 ______/               \______                   
            __ 9                            __ 5 __              
         __/                             __/       \__           
       10                              7               2         
                                         \           /   \       
                                           6       4       1     
                                                    \            
                                                     3           

printLeftRight: 10 9 8 7 6 5 4 3 2 1 
Path: 8 9 10
Path: 8 5 7 6
Path: 8 5 2 4 3
Path: 8 5 2 1


~~~~~~~~~~~~~~~~~~~~~~~~~~~~~~~~~~~~~~~~~~~~~~~~~~~~~~~~~~~~~~~~~~~~~~~~~~~~~~~
Almost BST - a tree that has one element out of place
~~~~~~~~~~~~~~~~~~~~~~~~~~~~~~~~~~~~~~~~~~~~~~~~~~~~~~~~~~~~~~~~~~~~~~~~~~~~~~~
height: 3
ordered: false
sumDistances: 7
            __ 5 __              
         __/       \__           
       3               10        
                     /           
                   8             
                  /              
                 1               

printLeftRight: 3 5 1 8 10 
Path: 5 3
Path: 5 10 8 1


